<?xml version="1.0" encoding="UTF-8"?>
<!-- Generated by org.testng.reporters.JUnitXMLReporter -->
<testsuite ignored="0" hostname="EPINHYDW0832" failures="10" tests="108" name="Command line test" time="0.143" errors="0" timestamp="2023-04-03T18:14:47 IST">
  <testcase classname="com.epam.testng.CalculatorTest" name="verifyCos" time="0.014">
    <failure type="java.lang.AssertionError" message="expected [0.15425144988758405] but found [-0.9880316240928618]">
      <![CDATA[java.lang.AssertionError: expected [0.15425144988758405] but found [-0.9880316240928618]
at com.epam.testng.CalculatorTest.verifyCos(CalculatorTest.java:102)
at java.base/java.util.ArrayList.forEach(ArrayList.java:1511)
at com.epam.testng.CustomTestRunner.main(CustomTestRunner.java:23)
... Removed 26 stack frames]]>
    </failure>
  </testcase> <!-- verifyCos -->
  <testcase classname="com.epam.testng.CalculatorTest" name="verifyCos" time="0.0">
    <failure type="java.lang.AssertionError" message="expected [-0.8390387292223656] but found [-0.5440716964379951]">
      <![CDATA[java.lang.AssertionError: expected [-0.8390387292223656] but found [-0.5440716964379951]
at com.epam.testng.CalculatorTest.verifyCos(CalculatorTest.java:102)
at java.base/java.util.ArrayList.forEach(ArrayList.java:1511)
at com.epam.testng.CustomTestRunner.main(CustomTestRunner.java:23)
... Removed 26 stack frames]]>
    </failure>
  </testcase> <!-- verifyCos -->
  <testcase classname="com.epam.testng.CalculatorTest" name="verifyCos" time="0.001">
    <failure type="java.lang.AssertionError" message="expected [1.0] but found [0.0]">
      <![CDATA[java.lang.AssertionError: expected [1.0] but found [0.0]
at com.epam.testng.CalculatorTest.verifyCos(CalculatorTest.java:102)
at java.base/java.util.ArrayList.forEach(ArrayList.java:1511)
at com.epam.testng.CustomTestRunner.main(CustomTestRunner.java:23)
... Removed 26 stack frames]]>
    </failure>
  </testcase> <!-- verifyCos -->
  <testcase classname="com.epam.testng.CalculatorTest" name="verifyCos" time="0.0">
    <failure type="java.lang.AssertionError" message="expected [0.5253219888177297] but found [-0.8509035245341184]">
      <![CDATA[java.lang.AssertionError: expected [0.5253219888177297] but found [-0.8509035245341184]
at com.epam.testng.CalculatorTest.verifyCos(CalculatorTest.java:102)
at java.base/java.util.ArrayList.forEach(ArrayList.java:1511)
at com.epam.testng.CustomTestRunner.main(CustomTestRunner.java:23)
... Removed 26 stack frames]]>
    </failure>
  </testcase> <!-- verifyCos -->
  <testcase classname="com.epam.testng.CalculatorTest" name="verifyCos" time="0.0">
    <failure type="java.lang.AssertionError" message="expected [0.5624787751985085] but found [0.8268117243068012]">
      <![CDATA[java.lang.AssertionError: expected [0.5624787751985085] but found [0.8268117243068012]
at com.epam.testng.CalculatorTest.verifyCos(CalculatorTest.java:102)
at java.base/java.util.ArrayList.forEach(ArrayList.java:1511)
at com.epam.testng.CustomTestRunner.main(CustomTestRunner.java:23)
... Removed 26 stack frames]]>
    </failure>
  </testcase> <!-- verifyCos -->
  <testcase classname="com.epam.testng.CalculatorTest" name="verifyCtg" time="0.0"/>
  <testcase classname="com.epam.testng.CalculatorTest" name="verifyCtg" time="0.0"/>
  <testcase classname="com.epam.testng.CalculatorTest" name="verifyCtg" time="0.002"/>
  <testcase classname="com.epam.testng.CalculatorTest" name="verifyCtg" time="0.0"/>
  <testcase classname="com.epam.testng.CalculatorTest" name="verifyCtg" time="0.0"/>
  <testcase classname="com.epam.testng.CalculatorTest" name="verifyDiv" time="0.003"/>
  <testcase classname="com.epam.testng.CalculatorTest" name="verifyDiv" time="0.0"/>
  <testcase classname="com.epam.testng.CalculatorTest" name="verifyDiv" time="0.0"/>
  <testcase classname="com.epam.testng.CalculatorTest" name="verifyDiv" time="0.0"/>
  <testcase classname="com.epam.testng.CalculatorTest" name="verifyDiv" time="0.0"/>
  <testcase classname="com.epam.testng.CalculatorTest" name="verifyDiv" time="0.0"/>
  <testcase classname="com.epam.testng.CalculatorTest" name="verifyDiv" time="0.003"/>
  <testcase classname="com.epam.testng.CalculatorTest" name="verifyDiv" time="0.0"/>
  <testcase classname="com.epam.testng.CalculatorTest" name="verifyDiv" time="0.0"/>
  <testcase classname="com.epam.testng.CalculatorTest" name="verifyDiv" time="0.0"/>
  <testcase classname="com.epam.testng.CalculatorTest" name="verifyDiv" time="0.0"/>
  <testcase classname="com.epam.testng.CalculatorTest" name="verifyDiv" time="0.0"/>
  <testcase classname="com.epam.testng.CalculatorTest" name="verifyDiv" time="0.0"/>
  <testcase classname="com.epam.testng.CalculatorTest" name="verifyDivForException" time="0.0"/>
  <testcase classname="com.epam.testng.CalculatorTest" name="verifyDivForException" time="0.001"/>
  <testcase classname="com.epam.testng.CalculatorTest" name="verifyDivForException" time="0.001"/>
  <testcase classname="com.epam.testng.CalculatorTest" name="verifyDivForException" time="0.0"/>
  <testcase classname="com.epam.testng.CalculatorTest" name="verifyIsNegative" time="0.001"/>
  <testcase classname="com.epam.testng.CalculatorTest" name="verifyIsNegative" time="0.0"/>
  <testcase classname="com.epam.testng.CalculatorTest" name="verifyIsNegative" time="0.0"/>
  <testcase classname="com.epam.testng.CalculatorTest" name="verifyIsNegative" time="0.0"/>
  <testcase classname="com.epam.testng.CalculatorTest" name="verifyIsNegative" time="0.0"/>
  <testcase classname="com.epam.testng.CalculatorTest" name="verifyIsPositive" time="0.0"/>
  <testcase classname="com.epam.testng.CalculatorTest" name="verifyIsPositive" time="0.0"/>
  <testcase classname="com.epam.testng.CalculatorTest" name="verifyIsPositive" time="0.0"/>
  <testcase classname="com.epam.testng.CalculatorTest" name="verifyIsPositive" time="0.0"/>
  <testcase classname="com.epam.testng.CalculatorTest" name="verifyIsPositive" time="0.0"/>
  <testcase classname="com.epam.testng.CalculatorTest" name="verifyMult" time="0.0"/>
  <testcase classname="com.epam.testng.CalculatorTest" name="verifyMult" time="0.001"/>
  <testcase classname="com.epam.testng.CalculatorTest" name="verifyMult" time="0.0"/>
  <testcase classname="com.epam.testng.CalculatorTest" name="verifyMult" time="0.0"/>
  <testcase classname="com.epam.testng.CalculatorTest" name="verifyMult" time="0.001"/>
  <testcase classname="com.epam.testng.CalculatorTest" name="verifyMult" time="0.0"/>
  <testcase classname="com.epam.testng.CalculatorTest" name="verifyMult" time="0.0"/>
  <testcase classname="com.epam.testng.CalculatorTest" name="verifyMult" time="0.0"/>
  <testcase classname="com.epam.testng.CalculatorTest" name="verifyMult" time="0.0"/>
  <testcase classname="com.epam.testng.CalculatorTest" name="verifyMult" time="0.0"/>
  <testcase classname="com.epam.testng.CalculatorTest" name="verifyMult" time="0.002"/>
  <testcase classname="com.epam.testng.CalculatorTest" name="verifyMult" time="0.0"/>
  <testcase classname="com.epam.testng.CalculatorTest" name="verifyMult" time="0.0"/>
  <testcase classname="com.epam.testng.CalculatorTest" name="verifyMult" time="0.0"/>
  <testcase classname="com.epam.testng.CalculatorTest" name="verifyMult" time="0.0"/>
  <testcase classname="com.epam.testng.CalculatorTest" name="verifyMult" time="0.0"/>
  <testcase classname="com.epam.testng.CalculatorTest" name="verifyPow" time="0.001"/>
  <testcase classname="com.epam.testng.CalculatorTest" name="verifyPow" time="0.0"/>
  <testcase classname="com.epam.testng.CalculatorTest" name="verifyPow" time="0.0"/>
  <testcase classname="com.epam.testng.CalculatorTest" name="verifyPow" time="0.0"/>
  <testcase classname="com.epam.testng.CalculatorTest" name="verifyPow" time="0.001"/>
  <testcase classname="com.epam.testng.CalculatorTest" name="verifyPow" time="0.0"/>
  <testcase classname="com.epam.testng.CalculatorTest" name="verifyPow" time="0.0"/>
  <testcase classname="com.epam.testng.CalculatorTest" name="verifyPow" time="0.0"/>
  <testcase classname="com.epam.testng.CalculatorTest" name="verifySin" time="0.001"/>
  <testcase classname="com.epam.testng.CalculatorTest" name="verifySin" time="0.0"/>
  <testcase classname="com.epam.testng.CalculatorTest" name="verifySin" time="0.0"/>
  <testcase classname="com.epam.testng.CalculatorTest" name="verifySin" time="0.0"/>
  <testcase classname="com.epam.testng.CalculatorTest" name="verifySin" time="0.0"/>
  <testcase classname="com.epam.testng.CalculatorTest" name="verifySqrt" time="0.0"/>
  <testcase classname="com.epam.testng.CalculatorTest" name="verifySqrt" time="0.0"/>
  <testcase classname="com.epam.testng.CalculatorTest" name="verifySqrt" time="0.001"/>
  <testcase classname="com.epam.testng.CalculatorTest" name="verifySqrt" time="0.0"/>
  <testcase classname="com.epam.testng.CalculatorTest" name="verifySqrt" time="0.0"/>
  <testcase classname="com.epam.testng.CalculatorTest" name="verifySub" time="0.0"/>
  <testcase classname="com.epam.testng.CalculatorTest" name="verifySub" time="0.0"/>
  <testcase classname="com.epam.testng.CalculatorTest" name="verifySub" time="0.0"/>
  <testcase classname="com.epam.testng.CalculatorTest" name="verifySub" time="0.0"/>
  <testcase classname="com.epam.testng.CalculatorTest" name="verifySub" time="0.0"/>
  <testcase classname="com.epam.testng.CalculatorTest" name="verifySub" time="0.0"/>
  <testcase classname="com.epam.testng.CalculatorTest" name="verifySub" time="0.0"/>
  <testcase classname="com.epam.testng.CalculatorTest" name="verifySub" time="0.0"/>
  <testcase classname="com.epam.testng.CalculatorTest" name="verifySub" time="0.0"/>
  <testcase classname="com.epam.testng.CalculatorTest" name="verifySub" time="0.0"/>
  <testcase classname="com.epam.testng.CalculatorTest" name="verifySub" time="0.0"/>
  <testcase classname="com.epam.testng.CalculatorTest" name="verifySub" time="0.0"/>
  <testcase classname="com.epam.testng.CalculatorTest" name="verifySub" time="0.0"/>
  <testcase classname="com.epam.testng.CalculatorTest" name="verifySub" time="0.0"/>
  <testcase classname="com.epam.testng.CalculatorTest" name="verifySub" time="0.0"/>
  <testcase classname="com.epam.testng.CalculatorTest" name="verifySub" time="0.0"/>
  <testcase classname="com.epam.testng.CalculatorTest" name="verifySum" time="0.0"/>
  <testcase classname="com.epam.testng.CalculatorTest" name="verifySum" time="0.0"/>
  <testcase classname="com.epam.testng.CalculatorTest" name="verifySum" time="0.0"/>
  <testcase classname="com.epam.testng.CalculatorTest" name="verifySum" time="0.0"/>
  <testcase classname="com.epam.testng.CalculatorTest" name="verifySum" time="0.0"/>
  <testcase classname="com.epam.testng.CalculatorTest" name="verifySum" time="0.0"/>
  <testcase classname="com.epam.testng.CalculatorTest" name="verifySum" time="0.0"/>
  <testcase classname="com.epam.testng.CalculatorTest" name="verifySum" time="0.0"/>
  <testcase classname="com.epam.testng.CalculatorTest" name="verifySum" time="0.001"/>
  <testcase classname="com.epam.testng.CalculatorTest" name="verifySum" time="0.0"/>
  <testcase classname="com.epam.testng.CalculatorTest" name="verifySum" time="0.0"/>
  <testcase classname="com.epam.testng.CalculatorTest" name="verifySum" time="0.0"/>
  <testcase classname="com.epam.testng.CalculatorTest" name="verifySum" time="0.0"/>
  <testcase classname="com.epam.testng.CalculatorTest" name="verifySum" time="0.0"/>
  <testcase classname="com.epam.testng.CalculatorTest" name="verifySum" time="0.0"/>
  <testcase classname="com.epam.testng.CalculatorTest" name="verifySum" time="0.0"/>
  <testcase classname="com.epam.testng.CalculatorTest" name="verifyTg" time="0.001">
    <failure type="java.lang.AssertionError" message="expected [-6.4053311966462765] but found [1.0]">
      <![CDATA[java.lang.AssertionError: expected [-6.4053311966462765] but found [1.0]
at com.epam.testng.CalculatorTest.verifyTg(CalculatorTest.java:90)
at java.base/java.util.ArrayList.forEach(ArrayList.java:1511)
at com.epam.testng.CustomTestRunner.main(CustomTestRunner.java:23)
... Removed 26 stack frames]]>
    </failure>
  </testcase> <!-- verifyTg -->
  <testcase classname="com.epam.testng.CalculatorTest" name="verifyTg" time="0.0">
    <failure type="java.lang.AssertionError" message="expected [0.6484464631832304] but found [1.0]">
      <![CDATA[java.lang.AssertionError: expected [0.6484464631832304] but found [1.0]
at com.epam.testng.CalculatorTest.verifyTg(CalculatorTest.java:90)
at java.base/java.util.ArrayList.forEach(ArrayList.java:1511)
at com.epam.testng.CustomTestRunner.main(CustomTestRunner.java:23)
... Removed 26 stack frames]]>
    </failure>
  </testcase> <!-- verifyTg -->
  <testcase classname="com.epam.testng.CalculatorTest" name="verifyTg" time="0.0">
    <failure type="java.lang.AssertionError" message="expected [0.0] but found [NaN]">
      <![CDATA[java.lang.AssertionError: expected [0.0] but found [NaN]
at com.epam.testng.CalculatorTest.verifyTg(CalculatorTest.java:90)
at java.base/java.util.ArrayList.forEach(ArrayList.java:1511)
at com.epam.testng.CustomTestRunner.main(CustomTestRunner.java:23)
... Removed 26 stack frames]]>
    </failure>
  </testcase> <!-- verifyTg -->
  <testcase classname="com.epam.testng.CalculatorTest" name="verifyTg" time="0.001">
    <failure type="java.lang.AssertionError" message="expected [-1.6197751905438615] but found [1.0]">
      <![CDATA[java.lang.AssertionError: expected [-1.6197751905438615] but found [1.0]
at com.epam.testng.CalculatorTest.verifyTg(CalculatorTest.java:90)
at java.base/java.util.ArrayList.forEach(ArrayList.java:1511)
at com.epam.testng.CustomTestRunner.main(CustomTestRunner.java:23)
... Removed 26 stack frames]]>
    </failure>
  </testcase> <!-- verifyTg -->
  <testcase classname="com.epam.testng.CalculatorTest" name="verifyTg" time="0.0">
    <failure type="java.lang.AssertionError" message="expected [1.4699429752082733] but found [1.0]">
      <![CDATA[java.lang.AssertionError: expected [1.4699429752082733] but found [1.0]
at com.epam.testng.CalculatorTest.verifyTg(CalculatorTest.java:90)
at java.base/java.util.ArrayList.forEach(ArrayList.java:1511)
at com.epam.testng.CustomTestRunner.main(CustomTestRunner.java:23)
... Removed 26 stack frames]]>
    </failure>
  </testcase> <!-- verifyTg -->
</testsuite> <!-- Command line test -->
